Arguments: 
  C:\Program Files\nodejs\node.exe C:\Users\Genia\AppData\Roaming\npm\node_modules\yarn\bin\yarn.js add @nivo/core

PATH: 
  C:\Users\Genia\bin;C:\Program Files\Git\mingw64\bin;C:\Program Files\Git\usr\local\bin;C:\Program Files\Git\usr\bin;C:\Program Files\Git\usr\bin;C:\Program Files\Git\mingw64\bin;C:\Program Files\Git\usr\bin;C:\Users\Genia\bin;C:\Program Files\Eclipse Adoptium\jdk-17.0.4.8-hotspot\bin;C:\Program Files (x86)\Common Files\Oracle\Java\javapath;C:\Python310\Scripts;C:\Python310;C:\Windows\system32;C:\Windows;C:\Windows\System32\Wbem;C:\Windows\System32\WindowsPowerShell\v1.0;C:\Windows\System32\OpenSSH;C:\Program Files (x86)\NVIDIA Corporation\PhysX\Common;C:\Program Files\Git\cmd;C:\ProgramData\chocolatey\bin;C:\Program Files\nodejs;C:\Program Files\NVIDIA Corporation\NVIDIA NvDLISR;C:\Users\Genia\AppData\Local\Microsoft\WindowsApps;C:\Users\Genia\AppData\Local\Programs\Microsoft VS Code\bin;C:\Users\Genia\AppData\Local\GitHubDesktop\bin;C:\Users\Genia\AppData\Roaming\npm;C:\Program Files\heroku\bin;C:\Users\Genia\AppData\Local\Programs\mongosh;C:\Program Files\Git\usr\bin\vendor_perl;C:\Program Files\Git\usr\bin\core_perl

Yarn version: 
  1.22.19

Node version: 
  16.16.0

Platform: 
  win32 x64

Trace: 
  Error: EPERM: operation not permitted, unlink 'C:\Users\Genia\Desktop\admin-panel\node_modules\esbuild-windows-64\esbuild.exe'

npm manifest: 
  {
    "name": "admin-panel",
    "private": true,
    "version": "0.0.0",
    "type": "module",
    "scripts": {
      "dev": "vite",
      "build": "vite build",
      "preview": "vite preview"
    },
    "dependencies": {
      "generate-react-cli": "^7.3.0",
      "react": "^18.2.0",
      "react-dom": "^18.2.0",
      "react-icons": "^4.4.0",
      "sass": "^1.54.8"
    },
    "devDependencies": {
      "@types/react": "^18.0.17",
      "@types/react-dom": "^18.0.6",
      "@vitejs/plugin-react": "^2.1.0",
      "vite": "^3.1.0"
    }
  }

yarn manifest: 
  No manifest

Lockfile: 
  No lockfile
